<?xml version="1.0" encoding="UTF-8"?>
<!-- Generated by org.testng.reporters.JUnitReportReporter -->
<testsuite hostname="LAPTOP-N5KUAGO6" failures="1" tests="6" name="runner.TestRunner" time="46.055" errors="0" timestamp="2022-11-14T23:23:20 NZDT" skipped="0">
  <testcase classname="runner.TestRunner" name="runScenario" time="7.132"/>
  <system-out/>
  <testcase classname="runner.TestRunner" name="runScenario" time="7.707"/>
  <system-out/>
  <testcase classname="runner.TestRunner" name="runScenario" time="8.363"/>
  <system-out/>
  <testcase classname="runner.TestRunner" name="runScenario" time="6.134"/>
  <system-out/>
  <testcase classname="runner.TestRunner" name="runScenario" time="10.480"/>
  <system-out/>
  <testcase classname="runner.TestRunner" name="runScenario" time="6.239">
    <failure message="expected [78] but found [79]" type="java.lang.AssertionError">
      <![CDATA[java.lang.AssertionError: expected [78] but found [79]
at org.testng.Assert.fail(Assert.java:110)
at org.testng.Assert.failNotEquals(Assert.java:1413)
at org.testng.Assert.assertEqualsImpl(Assert.java:149)
at org.testng.Assert.assertEquals(Assert.java:131)
at org.testng.Assert.assertEquals(Assert.java:1240)
at org.testng.Assert.assertEquals(Assert.java:1274)
at pages.carsPage.verifyNumberOfNameMakes(carsPage.java:38)
at steps.motorSteps.i_navigate_to_motors_cars_tab(motorSteps.java:41)
at âœ½.I verify number of named makes equal to 78(file:///C:/JAVA-Selenium-training/gitMaster/mvn-cuc-sel-web-api/selenium-cucumber-app/src/test/resources/features/tradeMe.feature:6)
]]>
    </failure>
  </testcase> <!-- runScenario -->
  <system-out/>
</testsuite> <!-- runner.TestRunner -->
