<?xml version="1.0" encoding="UTF-8"?>
<!-- Generated by org.testng.reporters.JUnitXMLReporter -->
<testsuite ignored="0" hostname="LAPTOP-N5KUAGO6" failures="1" tests="6" name="Test" time="48.655" errors="0" timestamp="2022-11-14T23:23:20 NZDT">
  <testcase classname="io.cucumber.testng.AbstractTestNGCucumberTests" name="runScenario" time="4.2">
    <failure type="java.lang.AssertionError" message="expected [78] but found [79]">
      <![CDATA[java.lang.AssertionError: expected [78] but found [79]
at pages.carsPage.verifyNumberOfNameMakes(carsPage.java:38)
at steps.motorSteps.i_navigate_to_motors_cars_tab(motorSteps.java:41)
at âœ½.I verify number of named makes equal to 78(file:///C:/JAVA-Selenium-training/gitMaster/mvn-cuc-sel-web-api/selenium-cucumber-app/src/test/resources/features/tradeMe.feature:6)
... Removed 6 stack frames]]>
    </failure>
  </testcase> <!-- runScenario -->
  <testcase classname="io.cucumber.testng.AbstractTestNGCucumberTests" name="runScenario" time="5.138"/>
  <testcase classname="io.cucumber.testng.AbstractTestNGCucumberTests" name="runScenario" time="6.42"/>
  <testcase classname="io.cucumber.testng.AbstractTestNGCucumberTests" name="runScenario" time="5.466"/>
  <testcase classname="io.cucumber.testng.AbstractTestNGCucumberTests" name="runScenario" time="5.688"/>
  <testcase classname="io.cucumber.testng.AbstractTestNGCucumberTests" name="runScenario" time="4.118"/>
</testsuite> <!-- Test -->
